h:\qtproj\qtclasslibrary1\qtclasslibrary1\x64\debug\qrc_resource.obj
h:\qtproj\qtclasslibrary1\qtclasslibrary1\x64\debug\moc_restructurizationclasses.obj
h:\qtproj\qtclasslibrary1\qtclasslibrary1\x64\debug\vc142.pdb
h:\qtproj\qtclasslibrary1\qtclasslibrary1\x64\debug\restructurizationmain.obj
h:\qtproj\is_info\qtclasslibrary1\qtclasslibrary1\x64\debug\moc_restructurizationclasses.obj
h:\qtproj\is_info\qtclasslibrary1\qtclasslibrary1\x64\debug\qrc_resource.obj
h:\qtproj\is_info\qtclasslibrary1\qtclasslibrary1\x64\debug\vc142.pdb
h:\qtproj\is_info\qtclasslibrary1\qtclasslibrary1\x64\debug\restructurizationmain.obj
h:\qtproj\qtclasslibrary1\qtclasslibrary1\generatedfiles\ui_module_form.h
h:\qtproj\qtclasslibrary1\qtclasslibrary1\generatedfiles\qrc_resource.cpp
h:\qtproj\qtclasslibrary1\qtclasslibrary1\generatedfiles\debug\moc_restructurizationclasses.cpp
c:\users\jetis\onedrive\проект\is_output\debug\modules\cm_restruct.lib
c:\users\jetis\onedrive\проект\is_output\debug\modules\cm_restruct.exp
h:\qtproj\is_info\qtclasslibrary1\qtclasslibrary1\generatedfiles\ui_module_form.h
h:\qtproj\is_info\qtclasslibrary1\qtclasslibrary1\generatedfiles\debug\moc_restructurizationclasses.cpp
h:\qtproj\is_info\qtclasslibrary1\qtclasslibrary1\generatedfiles\qrc_resource.cpp
c:\users\jetis\onedrive\проект\is_output\debug\modules\cm_restruct.dll
c:\users\jetis\onedrive\проект\is_output\debug\modules\cm_restruct.ilk
c:\users\jetis\onedrive\проект\is_output\debug\modules\cm_restruct.pdb
h:\qtproj\is_info\qtclasslibrary1\qtclasslibrary1\.\generatedfiles\debug\moc_restructurizationclasses.cpp
h:\qtproj\is_info\qtclasslibrary1\qtclasslibrary1\.\generatedfiles\qrc_resource.cpp
h:\qtproj\is_info\qtclasslibrary1\qtclasslibrary1\.\generatedfiles\ui_module_form.h
h:\qtproj\is_info\qtclasslibrary1\qtclasslibrary1\x64\debug\cm_restruct.tlog\cl.command.1.tlog
h:\qtproj\is_info\qtclasslibrary1\qtclasslibrary1\x64\debug\cm_restruct.tlog\cl.read.1.tlog
h:\qtproj\is_info\qtclasslibrary1\qtclasslibrary1\x64\debug\cm_restruct.tlog\cl.write.1.tlog
h:\qtproj\is_info\qtclasslibrary1\qtclasslibrary1\x64\debug\cm_restruct.tlog\cm_restruct.write.1u.tlog
h:\qtproj\is_info\qtclasslibrary1\qtclasslibrary1\x64\debug\cm_restruct.tlog\link.command.1.tlog
h:\qtproj\is_info\qtclasslibrary1\qtclasslibrary1\x64\debug\cm_restruct.tlog\link.read.1.tlog
h:\qtproj\is_info\qtclasslibrary1\qtclasslibrary1\x64\debug\cm_restruct.tlog\link.write.1.tlog
h:\qtproj\is_info\qtclasslibrary1\qtclasslibrary1\x64\debug\cm_restruct.tlog\moc.read.1u.tlog
h:\qtproj\is_info\qtclasslibrary1\qtclasslibrary1\x64\debug\cm_restruct.tlog\moc.write.1u.tlog
h:\qtproj\is_info\qtclasslibrary1\qtclasslibrary1\x64\debug\cm_restruct.tlog\rcc.read.1u.tlog
h:\qtproj\is_info\qtclasslibrary1\qtclasslibrary1\x64\debug\cm_restruct.tlog\rcc.write.1u.tlog
h:\qtproj\is_info\qtclasslibrary1\qtclasslibrary1\x64\debug\cm_restruct.tlog\uic.read.1u.tlog
h:\qtproj\is_info\qtclasslibrary1\qtclasslibrary1\x64\debug\cm_restruct.tlog\uic.write.1u.tlog
