h:\qtproj\qtclasslibrary1\qtclasslibrary1\debug\vc140.pdb
h:\qtproj\qtclasslibrary1\qtclasslibrary1\debug\qtclasslibrary1.obj
h:\qtproj\qtclasslibrary1\qtclasslibrary1\debug\moc_qtclasslibrary1.obj
h:\qtproj\qtclasslibrary1\qtclasslibrary1\debug\moc_restructurizationclasses.obj
h:\qtproj\qtclasslibrary1\qtclasslibrary1\debug\qrc_resource.obj
h:\qtproj\qtclasslibrary1\qtclasslibrary1\debug\restructurizationmain.obj
h:\qtproj\qtclasslibrary1\qtclasslibrary1\generatedfiles\ui_module_form.h
h:\qtproj\qtclasslibrary1\qtclasslibrary1\generatedfiles\debug\moc_qtclasslibrary1.cpp
c:\is_output\debug\modules\cm_restruct.lib
c:\is_output\debug\modules\cm_restruct.exp
h:\qtproj\qtclasslibrary1\qtclasslibrary1\generatedfiles\debug\moc_restructurizationclasses.cpp
h:\qtproj\qtclasslibrary1\qtclasslibrary1\generatedfiles\qrc_resource.cpp
c:\is_output\debug\modules\cm_restruct.ilk
c:\is_output\debug\modules\cm_restruct.dll
c:\is_output\debug\modules\cm_restruct.pdb
h:\qtproj\qtclasslibrary1\qtclasslibrary1\.\generatedfiles\debug\moc_restructurizationclasses.cpp
h:\qtproj\qtclasslibrary1\qtclasslibrary1\debug\cm_restruct.res
h:\qtproj\qtclasslibrary1\qtclasslibrary1\.\generatedfiles\qrc_resource.cpp
h:\qtproj\qtclasslibrary1\qtclasslibrary1\.\generatedfiles\ui_module_form.h
h:\qtproj\qtclasslibrary1\qtclasslibrary1\debug\cm_restruct.tlog\cl.command.1.tlog
h:\qtproj\qtclasslibrary1\qtclasslibrary1\debug\cm_restruct.tlog\cl.read.1.tlog
h:\qtproj\qtclasslibrary1\qtclasslibrary1\debug\cm_restruct.tlog\cl.write.1.tlog
h:\qtproj\qtclasslibrary1\qtclasslibrary1\debug\cm_restruct.tlog\cm_restruct.write.1u.tlog
h:\qtproj\qtclasslibrary1\qtclasslibrary1\debug\cm_restruct.tlog\link.command.1.tlog
h:\qtproj\qtclasslibrary1\qtclasslibrary1\debug\cm_restruct.tlog\link.read.1.tlog
h:\qtproj\qtclasslibrary1\qtclasslibrary1\debug\cm_restruct.tlog\link.write.1.tlog
h:\qtproj\qtclasslibrary1\qtclasslibrary1\debug\cm_restruct.tlog\moc.read.1u.tlog
h:\qtproj\qtclasslibrary1\qtclasslibrary1\debug\cm_restruct.tlog\moc.write.1u.tlog
h:\qtproj\qtclasslibrary1\qtclasslibrary1\debug\cm_restruct.tlog\rc.command.1.tlog
h:\qtproj\qtclasslibrary1\qtclasslibrary1\debug\cm_restruct.tlog\rc.read.1.tlog
h:\qtproj\qtclasslibrary1\qtclasslibrary1\debug\cm_restruct.tlog\rc.write.1.tlog
h:\qtproj\qtclasslibrary1\qtclasslibrary1\debug\cm_restruct.tlog\rcc.read.1u.tlog
h:\qtproj\qtclasslibrary1\qtclasslibrary1\debug\cm_restruct.tlog\rcc.write.1u.tlog
h:\qtproj\qtclasslibrary1\qtclasslibrary1\debug\cm_restruct.tlog\uic.read.1u.tlog
h:\qtproj\qtclasslibrary1\qtclasslibrary1\debug\cm_restruct.tlog\uic.write.1u.tlog
