h:\qtproj\qtclasslibrary1\qtclasslibrary1\debug\vc140.pdb
h:\qtproj\qtclasslibrary1\qtclasslibrary1\debug\moc_qtclasslibrary1.obj
h:\qtproj\qtclasslibrary1\qtclasslibrary1\debug\qtclasslibrary1.obj
c:\is_output\debug\modules\qtclasslibrary1.ilk
c:\is_output\debug\modules\qtclasslibrary1.dll
c:\is_output\debug\modules\qtclasslibrary1.pdb
h:\qtproj\qtclasslibrary1\qtclasslibrary1\.\generatedfiles\debug\moc_qtclasslibrary1.cpp
h:\qtproj\qtclasslibrary1\qtclasslibrary1\generatedfiles\ui_module_form.h
h:\qtproj\qtclasslibrary1\qtclasslibrary1\generatedfiles\debug\moc_qtclasslibrary1.cpp
c:\is_output\debug\modules\qtclasslibrary1.lib
c:\is_output\debug\modules\qtclasslibrary1.exp
h:\qtproj\qtclasslibrary1\qtclasslibrary1\.\generatedfiles\ui_module_form.h
h:\qtproj\qtclasslibrary1\qtclasslibrary1\debug\qtclasslibrary1.tlog\cl.command.1.tlog
h:\qtproj\qtclasslibrary1\qtclasslibrary1\debug\qtclasslibrary1.tlog\cl.read.1.tlog
h:\qtproj\qtclasslibrary1\qtclasslibrary1\debug\qtclasslibrary1.tlog\cl.write.1.tlog
h:\qtproj\qtclasslibrary1\qtclasslibrary1\debug\qtclasslibrary1.tlog\link.command.1.tlog
h:\qtproj\qtclasslibrary1\qtclasslibrary1\debug\qtclasslibrary1.tlog\link.read.1.tlog
h:\qtproj\qtclasslibrary1\qtclasslibrary1\debug\qtclasslibrary1.tlog\link.write.1.tlog
h:\qtproj\qtclasslibrary1\qtclasslibrary1\debug\qtclasslibrary1.tlog\moc.read.1u.tlog
h:\qtproj\qtclasslibrary1\qtclasslibrary1\debug\qtclasslibrary1.tlog\moc.write.1u.tlog
h:\qtproj\qtclasslibrary1\qtclasslibrary1\debug\qtclasslibrary1.tlog\qtclasslibrary1.write.1u.tlog
h:\qtproj\qtclasslibrary1\qtclasslibrary1\debug\qtclasslibrary1.tlog\uic.read.1u.tlog
h:\qtproj\qtclasslibrary1\qtclasslibrary1\debug\qtclasslibrary1.tlog\uic.write.1u.tlog
